f:\驱动开发代码\项目\shothv\helloworld\test\shothv\shothv\x64\debug\vc142.pdb
f:\驱动开发代码\项目\shothv\helloworld\test\shothv\shothv\x64\debug\pagehook.obj
f:\驱动开发代码\项目\shothv\helloworld\test\shothv\shothv\x64\debug\hvexithandle.obj
f:\驱动开发代码\项目\shothv\helloworld\test\shothv\shothv\x64\debug\hvutil.obj
f:\驱动开发代码\项目\shothv\helloworld\test\shothv\shothv\x64\debug\lde.obj
f:\驱动开发代码\项目\shothv\helloworld\test\shothv\shothv\x64\debug\hvinjectexception.obj
f:\驱动开发代码\项目\shothv\helloworld\test\shothv\shothv\x64\debug\hvept.obj
f:\驱动开发代码\项目\shothv\helloworld\test\shothv\shothv\x64\debug\hvcallback.obj
f:\驱动开发代码\项目\shothv\helloworld\test\shothv\shothv\x64\debug\corehv.obj
f:\驱动开发代码\项目\shothv\helloworld\test\shothv\shothv\x64\debug\main.obj
f:\驱动开发代码\项目\shothv\helloworld\test\shothv\x64\debug\shothv.sys
f:\驱动开发代码\项目\shothv\helloworld\test\shothv\x64\debug\shothv.pdb
f:\驱动开发代码\项目\shothv\helloworld\test\shothv\shothv\x64\debug\x64.obj
f:\驱动开发代码\项目\shothv\helloworld\test\shothv\x64\debug\shothv.cer
f:\驱动开发代码\项目\shothv\helloworld\test\shothv\shothv\x64\debug\shothv.tlog\cl.command.1.tlog
f:\驱动开发代码\项目\shothv\helloworld\test\shothv\shothv\x64\debug\shothv.tlog\cl.read.1.tlog
f:\驱动开发代码\项目\shothv\helloworld\test\shothv\shothv\x64\debug\shothv.tlog\cl.write.1.tlog
f:\驱动开发代码\项目\shothv\helloworld\test\shothv\shothv\x64\debug\shothv.tlog\link.command.1.tlog
f:\驱动开发代码\项目\shothv\helloworld\test\shothv\shothv\x64\debug\shothv.tlog\link.read.1.tlog
f:\驱动开发代码\项目\shothv\helloworld\test\shothv\shothv\x64\debug\shothv.tlog\link.write.1.tlog
f:\驱动开发代码\项目\shothv\helloworld\test\shothv\shothv\x64\debug\shothv.tlog\masm.read.1u.tlog
f:\驱动开发代码\项目\shothv\helloworld\test\shothv\shothv\x64\debug\shothv.tlog\masm.write.1u.tlog
f:\驱动开发代码\项目\shothv\helloworld\test\shothv\shothv\x64\debug\shothv.tlog\signtool.command.1.tlog
f:\驱动开发代码\项目\shothv\helloworld\test\shothv\shothv\x64\debug\shothv.tlog\signtool.read.1.tlog
f:\驱动开发代码\项目\shothv\helloworld\test\shothv\shothv\x64\debug\shothv.tlog\signtool.timestamp.1.tlog
f:\驱动开发代码\项目\shothv\helloworld\test\shothv\shothv\x64\debug\shothv.tlog\signtool.write.1.tlog
